# JRE version: Java(TM) SE Runtime Environment (8.0_45-b14) (build 1.8.0_45-b14)
# Java VM: Java HotSpot(TM) 64-Bit Server VM (25.45-b02 mixed mode linux-amd64 compressed oops)
Heap:
 PSYoungGen      total 217600K, used 4675K [0x00000000ec180000, 0x0000000100000000, 0x0000000100000000)
  eden space 109056K, 0% used [0x00000000ec180000,0x00000000ec180000,0x00000000f2c00000)
  from space 108544K, 4% used [0x00000000f9600000,0x00000000f9a90c08,0x0000000100000000)
  to   space 108544K, 0% used [0x00000000f2c00000,0x00000000f2c00000,0x00000000f9600000)
 ParOldGen       total 460288K, used 460056K [0x00000000c4400000, 0x00000000e0580000, 0x00000000ec180000)
  object space 460288K, 99% used [0x00000000c4400000,0x00000000e0546018,0x00000000e0580000)
 Metaspace       used 11076K, capacity 11252K, committed 11392K, reserved 1058816K
  class space    used 1331K, capacity 1376K, committed 1408K, reserved 1048576K
GC Heap History (10 events):
Event: 9.919 GC heap after
Heap after GC invocations=15 (full 4):
 PSYoungGen      total 224256K, used 76216K [0x00000000ec180000, 0x0000000100000000, 0x0000000100000000)
  eden space 122368K, 0% used [0x00000000ec180000,0x00000000ec180000,0x00000000f3900000)
  from space 101888K, 74% used [0x00000000f3900000,0x00000000f836e228,0x00000000f9c80000)
  to   space 101888K, 0% used [0x00000000f9c80000,0x00000000f9c80000,0x0000000100000000)
 ParOldGen       total 326656K, used 221408K [0x00000000c4400000, 0x00000000d8300000, 0x00000000ec180000)
  object space 326656K, 67% used [0x00000000c4400000,0x00000000d1c38148,0x00000000d8300000)
 Metaspace       used 11073K, capacity 11252K, committed 11392K, reserved 1058816K
  class space    used 1331K, capacity 1376K, committed 1408K, reserved 1048576K
}
Event: 10.007 GC heap before
{Heap before GC invocations=16 (full 4):
 PSYoungGen      total 224256K, used 198584K [0x00000000ec180000, 0x0000000100000000, 0x0000000100000000)
  eden space 122368K, 100% used [0x00000000ec180000,0x00000000f3900000,0x00000000f3900000)
  from space 101888K, 74% used [0x00000000f3900000,0x00000000f836e228,0x00000000f9c80000)
  to   space 101888K, 0% used [0x00000000f9c80000,0x00000000f9c80000,0x0000000100000000)
 ParOldGen       total 326656K, used 221408K [0x00000000c4400000, 0x00000000d8300000, 0x00000000ec180000)
  object space 326656K, 67% used [0x00000000c4400000,0x00000000d1c38148,0x00000000d8300000)
 Metaspace       used 11076K, capacity 11252K, committed 11392K, reserved 1058816K
  class space    used 1331K, capacity 1376K, committed 1408K, reserved 1048576K
Event: 10.290 GC heap after
Heap after GC invocations=16 (full 4):
 PSYoungGen      total 210944K, used 75488K [0x00000000ec180000, 0x0000000100000000, 0x0000000100000000)
  eden space 109056K, 0% used [0x00000000ec180000,0x00000000ec180000,0x00000000f2c00000)
  from space 101888K, 74% used [0x00000000f9c80000,0x00000000fe638000,0x0000000100000000)
  to   space 108544K, 0% used [0x00000000f2c00000,0x00000000f2c00000,0x00000000f9600000)
 ParOldGen       total 326656K, used 274152K [0x00000000c4400000, 0x00000000d8300000, 0x00000000ec180000)
  object space 326656K, 83% used [0x00000000c4400000,0x00000000d4fba148,0x00000000d8300000)
 Metaspace       used 11076K, capacity 11252K, committed 11392K, reserved 1058816K
  class space    used 1331K, capacity 1376K, committed 1408K, reserved 1048576K
}
Event: 10.290 GC heap before
{Heap before GC invocations=17 (full 5):
 PSYoungGen      total 210944K, used 75488K [0x00000000ec180000, 0x0000000100000000, 0x0000000100000000)
  eden space 109056K, 0% used [0x00000000ec180000,0x00000000ec180000,0x00000000f2c00000)
  from space 101888K, 74% used [0x00000000f9c80000,0x00000000fe638000,0x0000000100000000)
  to   space 108544K, 0% used [0x00000000f2c00000,0x00000000f2c00000,0x00000000f9600000)
 ParOldGen       total 326656K, used 274152K [0x00000000c4400000, 0x00000000d8300000, 0x00000000ec180000)
  object space 326656K, 83% used [0x00000000c4400000,0x00000000d4fba148,0x00000000d8300000)
 Metaspace       used 11076K, capacity 11252K, committed 11392K, reserved 1058816K
  class space    used 1331K, capacity 1376K, committed 1408K, reserved 1048576K
Event: 13.159 GC heap after
Heap after GC invocations=17 (full 5):
 PSYoungGen      total 210944K, used 22558K [0x00000000ec180000, 0x0000000100000000, 0x0000000100000000)
  eden space 109056K, 0% used [0x00000000ec180000,0x00000000ec180000,0x00000000f2c00000)
  from space 101888K, 22% used [0x00000000f9c80000,0x00000000fb287a18,0x0000000100000000)
  to   space 108544K, 0% used [0x00000000f2c00000,0x00000000f2c00000,0x00000000f9600000)
 ParOldGen       total 460288K, used 326571K [0x00000000c4400000, 0x00000000e0580000, 0x00000000ec180000)
  object space 460288K, 70% used [0x00000000c4400000,0x00000000d82eaec0,0x00000000e0580000)
 Metaspace       used 11076K, capacity 11252K, committed 11392K, reserved 1058816K
  class space    used 1331K, capacity 1376K, committed 1408K, reserved 1048576K
}
Event: 13.229 GC heap before
{Heap before GC invocations=18 (full 5):
 PSYoungGen      total 210944K, used 131614K [0x00000000ec180000, 0x0000000100000000, 0x0000000100000000)
  eden space 109056K, 100% used [0x00000000ec180000,0x00000000f2c00000,0x00000000f2c00000)
  from space 101888K, 22% used [0x00000000f9c80000,0x00000000fb287a18,0x0000000100000000)
  to   space 108544K, 0% used [0x00000000f2c00000,0x00000000f2c00000,0x00000000f9600000)
 ParOldGen       total 460288K, used 326571K [0x00000000c4400000, 0x00000000e0580000, 0x00000000ec180000)
  object space 460288K, 70% used [0x00000000c4400000,0x00000000d82eaec0,0x00000000e0580000)
 Metaspace       used 11076K, capacity 11252K, committed 11392K, reserved 1058816K
  class space    used 1331K, capacity 1376K, committed 1408K, reserved 1048576K
Event: 13.455 GC heap after
Heap after GC invocations=18 (full 5):
 PSYoungGen      total 217600K, used 64160K [0x00000000ec180000, 0x0000000100000000, 0x0000000100000000)
  eden space 109056K, 0% used [0x00000000ec180000,0x00000000ec180000,0x00000000f2c00000)
  from space 108544K, 59% used [0x00000000f2c00000,0x00000000f6aa8000,0x00000000f9600000)
  to   space 108544K, 0% used [0x00000000f9600000,0x00000000f9600000,0x0000000100000000)
 ParOldGen       total 460288K, used 349243K [0x00000000c4400000, 0x00000000e0580000, 0x00000000ec180000)
  object space 460288K, 75% used [0x00000000c4400000,0x00000000d990eec0,0x00000000e0580000)
 Metaspace       used 11076K, capacity 11252K, committed 11392K, reserved 1058816K
  class space    used 1331K, capacity 1376K, committed 1408K, reserved 1048576K
}
Event: 13.541 GC heap before
{Heap before GC invocations=19 (full 5):
 PSYoungGen      total 217600K, used 173216K [0x00000000ec180000, 0x0000000100000000, 0x0000000100000000)
  eden space 109056K, 100% used [0x00000000ec180000,0x00000000f2c00000,0x00000000f2c00000)
  from space 108544K, 59% used [0x00000000f2c00000,0x00000000f6aa8000,0x00000000f9600000)
  to   space 108544K, 0% used [0x00000000f9600000,0x00000000f9600000,0x0000000100000000)
 ParOldGen       total 460288K, used 349243K [0x00000000c4400000, 0x00000000e0580000, 0x00000000ec180000)
  object space 460288K, 75% used [0x00000000c4400000,0x00000000d990eec0,0x00000000e0580000)
 Metaspace       used 11076K, capacity 11252K, committed 11392K, reserved 1058816K
  class space    used 1331K, capacity 1376K, committed 1408K, reserved 1048576K
Event: 13.835 GC heap after
Heap after GC invocations=19 (full 5):
 PSYoungGen      total 217600K, used 51872K [0x00000000ec180000, 0x0000000100000000, 0x0000000100000000)
  eden space 109056K, 0% used [0x00000000ec180000,0x00000000ec180000,0x00000000f2c00000)
  from space 108544K, 47% used [0x00000000f9600000,0x00000000fc8a8000,0x0000000100000000)
  to   space 108544K, 0% used [0x00000000f2c00000,0x00000000f2c00000,0x00000000f9600000)
 ParOldGen       total 460288K, used 413459K [0x00000000c4400000, 0x00000000e0580000, 0x00000000ec180000)
  object space 460288K, 89% used [0x00000000c4400000,0x00000000dd7c4ec0,0x00000000e0580000)
 Metaspace       used 11076K, capacity 11252K, committed 11392K, reserved 1058816K
  class space    used 1331K, capacity 1376K, committed 1408K, reserved 1048576K
}
Event: 13.835 GC heap before
{Heap before GC invocations=20 (full 6):
 PSYoungGen      total 217600K, used 51872K [0x00000000ec180000, 0x0000000100000000, 0x0000000100000000)
  eden space 109056K, 0% used [0x00000000ec180000,0x00000000ec180000,0x00000000f2c00000)
  from space 108544K, 47% used [0x00000000f9600000,0x00000000fc8a8000,0x0000000100000000)
  to   space 108544K, 0% used [0x00000000f2c00000,0x00000000f2c00000,0x00000000f9600000)
 ParOldGen       total 460288K, used 413459K [0x00000000c4400000, 0x00000000e0580000, 0x00000000ec180000)
  object space 460288K, 89% used [0x00000000c4400000,0x00000000dd7c4ec0,0x00000000e0580000)
 Metaspace       used 11076K, capacity 11252K, committed 11392K, reserved 1058816K
  class space    used 1331K, capacity 1376K, committed 1408K, reserved 1048576K

