# JRE version: Java(TM) SE Runtime Environment (8.0_45-b14) (build 1.8.0_45-b14)
# Java VM: Java HotSpot(TM) 64-Bit Server VM (25.45-b02 mixed mode linux-amd64 compressed oops)
Heap:
 PSYoungGen      total 145408K, used 42028K [0x00000000ec180000, 0x00000000fca00000, 0x0000000100000000)
  eden space 36864K, 0% used [0x00000000ec180000,0x00000000ec180000,0x00000000ee580000)
  from space 108544K, 38% used [0x00000000ee580000,0x00000000f0e8b1a0,0x00000000f4f80000)
  to   space 108544K, 0% used [0x00000000f6000000,0x00000000f6000000,0x00000000fca00000)
 ParOldGen       total 248832K, used 248733K [0x00000000c4400000, 0x00000000d3700000, 0x00000000ec180000)
  object space 248832K, 99% used [0x00000000c4400000,0x00000000d36e77c8,0x00000000d3700000)
 Metaspace       used 11057K, capacity 11250K, committed 11392K, reserved 1058816K
  class space    used 1323K, capacity 1375K, committed 1408K, reserved 1048576K
GC Heap History (10 events):
Event: 3.439 GC heap after
Heap after GC invocations=10 (full 3):
 PSYoungGen      total 106496K, used 55620K [0x00000000ec180000, 0x00000000f8a00000, 0x0000000100000000)
  eden space 34816K, 0% used [0x00000000ec180000,0x00000000ec180000,0x00000000ee380000)
  from space 71680K, 77% used [0x00000000ee380000,0x00000000f19d12f0,0x00000000f2980000)
  to   space 79360K, 0% used [0x00000000f3c80000,0x00000000f3c80000,0x00000000f8a00000)
 ParOldGen       total 194560K, used 90059K [0x00000000c4400000, 0x00000000d0200000, 0x00000000ec180000)
  object space 194560K, 46% used [0x00000000c4400000,0x00000000c9bf2eb0,0x00000000d0200000)
 Metaspace       used 11057K, capacity 11250K, committed 11392K, reserved 1058816K
  class space    used 1323K, capacity 1375K, committed 1408K, reserved 1048576K
}
Event: 3.450 GC heap before
{Heap before GC invocations=11 (full 3):
 PSYoungGen      total 106496K, used 90436K [0x00000000ec180000, 0x00000000f8a00000, 0x0000000100000000)
  eden space 34816K, 100% used [0x00000000ec180000,0x00000000ee380000,0x00000000ee380000)
  from space 71680K, 77% used [0x00000000ee380000,0x00000000f19d12f0,0x00000000f2980000)
  to   space 79360K, 0% used [0x00000000f3c80000,0x00000000f3c80000,0x00000000f8a00000)
 ParOldGen       total 194560K, used 90059K [0x00000000c4400000, 0x00000000d0200000, 0x00000000ec180000)
  object space 194560K, 46% used [0x00000000c4400000,0x00000000c9bf2eb0,0x00000000d0200000)
 Metaspace       used 11057K, capacity 11250K, committed 11392K, reserved 1058816K
  class space    used 1323K, capacity 1375K, committed 1408K, reserved 1048576K
Event: 3.554 GC heap after
Heap after GC invocations=11 (full 3):
 PSYoungGen      total 106496K, used 79332K [0x00000000ec180000, 0x00000000fb480000, 0x0000000100000000)
  eden space 27136K, 0% used [0x00000000ec180000,0x00000000ec180000,0x00000000edc00000)
  from space 79360K, 99% used [0x00000000f3c80000,0x00000000f89f92f0,0x00000000f8a00000)
  to   space 98816K, 0% used [0x00000000edc00000,0x00000000edc00000,0x00000000f3c80000)
 ParOldGen       total 194560K, used 101139K [0x00000000c4400000, 0x00000000d0200000, 0x00000000ec180000)
  object space 194560K, 51% used [0x00000000c4400000,0x00000000ca6c4eb0,0x00000000d0200000)
 Metaspace       used 11057K, capacity 11250K, committed 11392K, reserved 1058816K
  class space    used 1323K, capacity 1375K, committed 1408K, reserved 1048576K
}
Event: 3.589 GC heap before
{Heap before GC invocations=12 (full 3):
 PSYoungGen      total 106496K, used 106468K [0x00000000ec180000, 0x00000000fb480000, 0x0000000100000000)
  eden space 27136K, 100% used [0x00000000ec180000,0x00000000edc00000,0x00000000edc00000)
  from space 79360K, 99% used [0x00000000f3c80000,0x00000000f89f92f0,0x00000000f8a00000)
  to   space 98816K, 0% used [0x00000000edc00000,0x00000000edc00000,0x00000000f3c80000)
 ParOldGen       total 194560K, used 137194K [0x00000000c4400000, 0x00000000d0200000, 0x00000000ec180000)
  object space 194560K, 70% used [0x00000000c4400000,0x00000000cc9fab10,0x00000000d0200000)
 Metaspace       used 11057K, capacity 11250K, committed 11392K, reserved 1058816K
  class space    used 1323K, capacity 1375K, committed 1408K, reserved 1048576K
Event: 4.046 GC heap after
Heap after GC invocations=12 (full 3):
 PSYoungGen      total 125952K, used 82592K [0x00000000ec180000, 0x00000000fb980000, 0x0000000100000000)
  eden space 27136K, 0% used [0x00000000ec180000,0x00000000ec180000,0x00000000edc00000)
  from space 98816K, 83% used [0x00000000edc00000,0x00000000f2ca8000,0x00000000f3c80000)
  to   space 108544K, 0% used [0x00000000f4f80000,0x00000000f4f80000,0x00000000fb980000)
 ParOldGen       total 194560K, used 137194K [0x00000000c4400000, 0x00000000d0200000, 0x00000000ec180000)
  object space 194560K, 70% used [0x00000000c4400000,0x00000000cc9fab10,0x00000000d0200000)
 Metaspace       used 11057K, capacity 11250K, committed 11392K, reserved 1058816K
  class space    used 1323K, capacity 1375K, committed 1408K, reserved 1048576K
}
Event: 4.058 GC heap before
{Heap before GC invocations=13 (full 3):
 PSYoungGen      total 125952K, used 109728K [0x00000000ec180000, 0x00000000fb980000, 0x0000000100000000)
  eden space 27136K, 100% used [0x00000000ec180000,0x00000000edc00000,0x00000000edc00000)
  from space 98816K, 83% used [0x00000000edc00000,0x00000000f2ca8000,0x00000000f3c80000)
  to   space 108544K, 0% used [0x00000000f4f80000,0x00000000f4f80000,0x00000000fb980000)
 ParOldGen       total 194560K, used 137194K [0x00000000c4400000, 0x00000000d0200000, 0x00000000ec180000)
  object space 194560K, 70% used [0x00000000c4400000,0x00000000cc9fab10,0x00000000d0200000)
 Metaspace       used 11057K, capacity 11250K, committed 11392K, reserved 1058816K
  class space    used 1323K, capacity 1375K, committed 1408K, reserved 1048576K
Event: 4.629 GC heap after
Heap after GC invocations=13 (full 3):
 PSYoungGen      total 145408K, used 100064K [0x00000000ec180000, 0x00000000fbb00000, 0x0000000100000000)
  eden space 36864K, 0% used [0x00000000ec180000,0x00000000ec180000,0x00000000ee580000)
  from space 108544K, 92% used [0x00000000f4f80000,0x00000000fb138000,0x00000000fb980000)
  to   space 108544K, 0% used [0x00000000ee580000,0x00000000ee580000,0x00000000f4f80000)
 ParOldGen       total 194560K, used 146930K [0x00000000c4400000, 0x00000000d0200000, 0x00000000ec180000)
  object space 194560K, 75% used [0x00000000c4400000,0x00000000cd37cb10,0x00000000d0200000)
 Metaspace       used 11057K, capacity 11250K, committed 11392K, reserved 1058816K
  class space    used 1323K, capacity 1375K, committed 1408K, reserved 1048576K
}
Event: 4.690 GC heap before
{Heap before GC invocations=14 (full 3):
 PSYoungGen      total 145408K, used 136928K [0x00000000ec180000, 0x00000000fbb00000, 0x0000000100000000)
  eden space 36864K, 100% used [0x00000000ec180000,0x00000000ee580000,0x00000000ee580000)
  from space 108544K, 92% used [0x00000000f4f80000,0x00000000fb138000,0x00000000fb980000)
  to   space 108544K, 0% used [0x00000000ee580000,0x00000000ee580000,0x00000000f4f80000)
 ParOldGen       total 248832K, used 201013K [0x00000000c4400000, 0x00000000d3700000, 0x00000000ec180000)
  object space 248832K, 80% used [0x00000000c4400000,0x00000000d084d598,0x00000000d3700000)
 Metaspace       used 11057K, capacity 11250K, committed 11392K, reserved 1058816K
  class space    used 1323K, capacity 1375K, committed 1408K, reserved 1048576K
Event: 5.480 GC heap after
Heap after GC invocations=14 (full 3):
 PSYoungGen      total 145408K, used 91296K [0x00000000ec180000, 0x00000000fca00000, 0x0000000100000000)
  eden space 36864K, 0% used [0x00000000ec180000,0x00000000ec180000,0x00000000ee580000)
  from space 108544K, 84% used [0x00000000ee580000,0x00000000f3ea8000,0x00000000f4f80000)
  to   space 108544K, 0% used [0x00000000f6000000,0x00000000f6000000,0x00000000fca00000)
 ParOldGen       total 248832K, used 246837K [0x00000000c4400000, 0x00000000d3700000, 0x00000000ec180000)
  object space 248832K, 99% used [0x00000000c4400000,0x00000000d350d598,0x00000000d3700000)
 Metaspace       used 11057K, capacity 11250K, committed 11392K, reserved 1058816K
  class space    used 1323K, capacity 1375K, committed 1408K, reserved 1048576K
}
Event: 5.677 GC heap before
{Heap before GC invocations=15 (full 4):
 PSYoungGen      total 145408K, used 91296K [0x00000000ec180000, 0x00000000fca00000, 0x0000000100000000)
  eden space 36864K, 0% used [0x00000000ec180000,0x00000000ec180000,0x00000000ee580000)
  from space 108544K, 84% used [0x00000000ee580000,0x00000000f3ea8000,0x00000000f4f80000)
  to   space 108544K, 0% used [0x00000000f6000000,0x00000000f6000000,0x00000000fca00000)
 ParOldGen       total 248832K, used 246837K [0x00000000c4400000, 0x00000000d3700000, 0x00000000ec180000)
  object space 248832K, 99% used [0x00000000c4400000,0x00000000d350d598,0x00000000d3700000)
 Metaspace       used 11057K, capacity 11250K, committed 11392K, reserved 1058816K
  class space    used 1323K, capacity 1375K, committed 1408K, reserved 1048576K

