# JRE version: Java(TM) SE Runtime Environment (8.0_45-b14) (build 1.8.0_45-b14)
# Java VM: Java HotSpot(TM) 64-Bit Server VM (25.45-b02 mixed mode linux-amd64 compressed oops)
Heap:
 PSYoungGen      total 217600K, used 0K [0x00000000ec180000, 0x0000000100000000, 0x0000000100000000)
  eden space 109056K, 0% used [0x00000000ec180000,0x00000000ec180000,0x00000000f2c00000)
  from space 108544K, 0% used [0x00000000f2c00000,0x00000000f2c00000,0x00000000f9600000)
  to   space 108544K, 0% used [0x00000000f9600000,0x00000000f9600000,0x0000000100000000)
 ParOldGen       total 354304K, used 353823K [0x00000000c4400000, 0x00000000d9e00000, 0x00000000ec180000)
  object space 354304K, 99% used [0x00000000c4400000,0x00000000d9d87ee0,0x00000000d9e00000)
 Metaspace       used 11106K, capacity 11320K, committed 11392K, reserved 1058816K
  class space    used 1331K, capacity 1376K, committed 1408K, reserved 1048576K
GC Heap History (10 events):
Event: 6.698 GC heap after
Heap after GC invocations=13 (full 2):
 PSYoungGen      total 200704K, used 61440K [0x00000000ec180000, 0x0000000100000000, 0x0000000100000000)
  eden space 135168K, 0% used [0x00000000ec180000,0x00000000ec180000,0x00000000f4580000)
  from space 65536K, 93% used [0x00000000f4580000,0x00000000f8180000,0x00000000f8580000)
  to   space 75776K, 0% used [0x00000000fb600000,0x00000000fb600000,0x0000000100000000)
 ParOldGen       total 156672K, used 155136K [0x00000000c4400000, 0x00000000cdd00000, 0x00000000ec180000)
  object space 156672K, 99% used [0x00000000c4400000,0x00000000cdb80220,0x00000000cdd00000)
 Metaspace       used 11106K, capacity 11320K, committed 11392K, reserved 1058816K
  class space    used 1331K, capacity 1376K, committed 1408K, reserved 1048576K
}
Event: 6.698 GC heap before
{Heap before GC invocations=14 (full 3):
 PSYoungGen      total 200704K, used 61440K [0x00000000ec180000, 0x0000000100000000, 0x0000000100000000)
  eden space 135168K, 0% used [0x00000000ec180000,0x00000000ec180000,0x00000000f4580000)
  from space 65536K, 93% used [0x00000000f4580000,0x00000000f8180000,0x00000000f8580000)
  to   space 75776K, 0% used [0x00000000fb600000,0x00000000fb600000,0x0000000100000000)
 ParOldGen       total 156672K, used 155136K [0x00000000c4400000, 0x00000000cdd00000, 0x00000000ec180000)
  object space 156672K, 99% used [0x00000000c4400000,0x00000000cdb80220,0x00000000cdd00000)
 Metaspace       used 11106K, capacity 11320K, committed 11392K, reserved 1058816K
  class space    used 1331K, capacity 1376K, committed 1408K, reserved 1048576K
Event: 9.270 GC heap after
Heap after GC invocations=14 (full 3):
 PSYoungGen      total 200704K, used 59658K [0x00000000ec180000, 0x0000000100000000, 0x0000000100000000)
  eden space 135168K, 0% used [0x00000000ec180000,0x00000000ec180000,0x00000000f4580000)
  from space 65536K, 91% used [0x00000000f4580000,0x00000000f7fc2920,0x00000000f8580000)
  to   space 75776K, 0% used [0x00000000fb600000,0x00000000fb600000,0x0000000100000000)
 ParOldGen       total 239104K, used 156312K [0x00000000c4400000, 0x00000000d2d80000, 0x00000000ec180000)
  object space 239104K, 65% used [0x00000000c4400000,0x00000000cdca6078,0x00000000d2d80000)
 Metaspace       used 11106K, capacity 11320K, committed 11392K, reserved 1058816K
  class space    used 1331K, capacity 1376K, committed 1408K, reserved 1048576K
}
Event: 9.366 GC heap before
{Heap before GC invocations=15 (full 3):
 PSYoungGen      total 200704K, used 194826K [0x00000000ec180000, 0x0000000100000000, 0x0000000100000000)
  eden space 135168K, 100% used [0x00000000ec180000,0x00000000f4580000,0x00000000f4580000)
  from space 65536K, 91% used [0x00000000f4580000,0x00000000f7fc2920,0x00000000f8580000)
  to   space 75776K, 0% used [0x00000000fb600000,0x00000000fb600000,0x0000000100000000)
 ParOldGen       total 239104K, used 156312K [0x00000000c4400000, 0x00000000d2d80000, 0x00000000ec180000)
  object space 239104K, 65% used [0x00000000c4400000,0x00000000cdca6078,0x00000000d2d80000)
 Metaspace       used 11106K, capacity 11320K, committed 11392K, reserved 1058816K
  class space    used 1331K, capacity 1376K, committed 1408K, reserved 1048576K
Event: 9.741 GC heap after
Heap after GC invocations=15 (full 3):
 PSYoungGen      total 184832K, used 75776K [0x00000000ec180000, 0x0000000100000000, 0x0000000100000000)
  eden space 109056K, 0% used [0x00000000ec180000,0x00000000ec180000,0x00000000f2c00000)
  from space 75776K, 100% used [0x00000000fb600000,0x0000000100000000,0x0000000100000000)
  to   space 108544K, 0% used [0x00000000f2c00000,0x00000000f2c00000,0x00000000f9600000)
 ParOldGen       total 239104K, used 222360K [0x00000000c4400000, 0x00000000d2d80000, 0x00000000ec180000)
  object space 239104K, 92% used [0x00000000c4400000,0x00000000d1d26078,0x00000000d2d80000)
 Metaspace       used 11106K, capacity 11320K, committed 11392K, reserved 1058816K
  class space    used 1331K, capacity 1376K, committed 1408K, reserved 1048576K
}
Event: 9.741 GC heap before
{Heap before GC invocations=16 (full 4):
 PSYoungGen      total 184832K, used 75776K [0x00000000ec180000, 0x0000000100000000, 0x0000000100000000)
  eden space 109056K, 0% used [0x00000000ec180000,0x00000000ec180000,0x00000000f2c00000)
  from space 75776K, 100% used [0x00000000fb600000,0x0000000100000000,0x0000000100000000)
  to   space 108544K, 0% used [0x00000000f2c00000,0x00000000f2c00000,0x00000000f9600000)
 ParOldGen       total 239104K, used 222360K [0x00000000c4400000, 0x00000000d2d80000, 0x00000000ec180000)
  object space 239104K, 92% used [0x00000000c4400000,0x00000000d1d26078,0x00000000d2d80000)
 Metaspace       used 11106K, capacity 11320K, committed 11392K, reserved 1058816K
  class space    used 1331K, capacity 1376K, committed 1408K, reserved 1048576K
Event: 12.782 GC heap after
Heap after GC invocations=16 (full 4):
 PSYoungGen      total 184832K, used 58825K [0x00000000ec180000, 0x0000000100000000, 0x0000000100000000)
  eden space 109056K, 0% used [0x00000000ec180000,0x00000000ec180000,0x00000000f2c00000)
  from space 75776K, 77% used [0x00000000fb600000,0x00000000fef72698,0x0000000100000000)
  to   space 108544K, 0% used [0x00000000f2c00000,0x00000000f2c00000,0x00000000f9600000)
 ParOldGen       total 354304K, used 238931K [0x00000000c4400000, 0x00000000d9e00000, 0x00000000ec180000)
  object space 354304K, 67% used [0x00000000c4400000,0x00000000d2d54d00,0x00000000d9e00000)
 Metaspace       used 11106K, capacity 11320K, committed 11392K, reserved 1058816K
  class space    used 1331K, capacity 1376K, committed 1408K, reserved 1048576K
}
Event: 12.866 GC heap before
{Heap before GC invocations=17 (full 4):
 PSYoungGen      total 184832K, used 167881K [0x00000000ec180000, 0x0000000100000000, 0x0000000100000000)
  eden space 109056K, 100% used [0x00000000ec180000,0x00000000f2c00000,0x00000000f2c00000)
  from space 75776K, 77% used [0x00000000fb600000,0x00000000fef72698,0x0000000100000000)
  to   space 108544K, 0% used [0x00000000f2c00000,0x00000000f2c00000,0x00000000f9600000)
 ParOldGen       total 354304K, used 238931K [0x00000000c4400000, 0x00000000d9e00000, 0x00000000ec180000)
  object space 354304K, 67% used [0x00000000c4400000,0x00000000d2d54d00,0x00000000d9e00000)
 Metaspace       used 11106K, capacity 11320K, committed 11392K, reserved 1058816K
  class space    used 1331K, capacity 1376K, committed 1408K, reserved 1048576K
Event: 13.097 GC heap after
Heap after GC invocations=17 (full 4):
 PSYoungGen      total 217600K, used 56288K [0x00000000ec180000, 0x0000000100000000, 0x0000000100000000)
  eden space 109056K, 0% used [0x00000000ec180000,0x00000000ec180000,0x00000000f2c00000)
  from space 108544K, 51% used [0x00000000f2c00000,0x00000000f62f8000,0x00000000f9600000)
  to   space 108544K, 0% used [0x00000000f9600000,0x00000000f9600000,0x0000000100000000)
 ParOldGen       total 354304K, used 297987K [0x00000000c4400000, 0x00000000d9e00000, 0x00000000ec180000)
  object space 354304K, 84% used [0x00000000c4400000,0x00000000d6700d00,0x00000000d9e00000)
 Metaspace       used 11106K, capacity 11320K, committed 11392K, reserved 1058816K
  class space    used 1331K, capacity 1376K, committed 1408K, reserved 1048576K
}
Event: 13.097 GC heap before
{Heap before GC invocations=18 (full 5):
 PSYoungGen      total 217600K, used 56288K [0x00000000ec180000, 0x0000000100000000, 0x0000000100000000)
  eden space 109056K, 0% used [0x00000000ec180000,0x00000000ec180000,0x00000000f2c00000)
  from space 108544K, 51% used [0x00000000f2c00000,0x00000000f62f8000,0x00000000f9600000)
  to   space 108544K, 0% used [0x00000000f9600000,0x00000000f9600000,0x0000000100000000)
 ParOldGen       total 354304K, used 297987K [0x00000000c4400000, 0x00000000d9e00000, 0x00000000ec180000)
  object space 354304K, 84% used [0x00000000c4400000,0x00000000d6700d00,0x00000000d9e00000)
 Metaspace       used 11106K, capacity 11320K, committed 11392K, reserved 1058816K
  class space    used 1331K, capacity 1376K, committed 1408K, reserved 1048576K

